
SQL*Loader: Release 11.2.0.2.0 - Production on 월 4월 22 17:22:13 2024

Copyright (c) 1982, 2009, Oracle and/or its affiliates.  All rights reserved.

Control File:   myterror.ctl
Data File:      myterror.csv
  Bad File:     myterror.bad
  Discard File:  none specified
 
 (Allow all discards)

Number to load: ALL
Number to skip: 0
Errors allowed: 50
Bind array:     64 rows, maximum of 256000 bytes
Continuation:    none specified
Path used:      Conventional

Table MYTERROR, loaded from every logical record.
Insert option in effect for this table: INSERT
TRAILING NULLCOLS option in effect

   Column Name                  Position   Len  Term Encl Datatype
------------------------------ ---------- ----- ---- ---- ---------------------
EVENTID                             FIRST     *   ,       CHARACTER            
IYEAR                                NEXT     *   ,       CHARACTER            
IMONTH                               NEXT     *   ,       CHARACTER            
IDAY                                 NEXT     *   ,       CHARACTER            
COUNTRY                              NEXT     *   ,       CHARACTER            
COUNTRY_TXT                          NEXT     *   ,       CHARACTER            
REGION                               NEXT     *   ,       CHARACTER            
REGION_TXT                           NEXT     *   ,       CHARACTER            
PROVSTATE                            NEXT     *   ,       CHARACTER            
CITY                                 NEXT     *   ,       CHARACTER            
LATITUDE                             NEXT     *   ,       CHARACTER            
LONGITUDE                            NEXT     *   ,       CHARACTER            

SQL*Loader-601: For INSERT option, table must be empty.  Error on table MYTERROR
